Build started 10/19/2015 3:41:30 PM.
     1>Project "C:\Users\Luoran\Documents\GitHub\LoboRender\opengl\opengl\opengl.vcxproj" on node 2 (Build target(s)).
     1>ClCompile:
         C:\Program Files (x86)\Microsoft Visual Studio 12.0\VC\bin\x86_amd64\CL.exe /c /Zi /nologo /W3 /WX- /sdl /O2 /Oi /GL /D WIN32 /D NDEBUG /D _CONSOLE /D _LIB /D _UNICODE /D UNICODE /Gm- /EHsc /MD /GS /Gy /fp:precise /Zc:wchar_t /Zc:forScope /Yu"stdafx.h" /Fp"x64\Release\opengl.pch" /Fo"x64\Release\\" /Fd"x64\Release\vc120.pdb" /Gd /TP /errorReport:prompt LoboRender.cpp
         LoboRender.cpp
     1>LoboRender.cpp(79): warning C4305: '=' : truncation from 'double' to 'float'
       Link:
         C:\Program Files (x86)\Microsoft Visual Studio 12.0\VC\bin\x86_amd64\link.exe /ERRORREPORT:PROMPT /OUT:"C:\Users\Luoran\Documents\GitHub\LoboRender\opengl\x64\Release\opengl.exe" /INCREMENTAL:NO /NOLOGO freeglut.lib glew32.lib glu32.lib opengl32.lib /MANIFEST /MANIFESTUAC:"level='asInvoker' uiAccess='false'" /manifest:embed /DEBUG /PDB:"C:\Users\Luoran\Documents\GitHub\LoboRender\opengl\x64\Release\opengl.pdb" /SUBSYSTEM:CONSOLE /OPT:REF /OPT:ICF /LTCG /TLBID:1 /DYNAMICBASE /NXCOMPAT /IMPLIB:"C:\Users\Luoran\Documents\GitHub\LoboRender\opengl\x64\Release\opengl.lib" /MACHINE:X64 x64\Release\opengl.res
         x64\Release\LoadShaders.obj
         x64\Release\LoboModel.obj
         x64\Release\LoboRender.obj
         x64\Release\opengl.obj
         x64\Release\stdafx.obj
         x64\Release\tiny_obj_loader.obj
         Generating code
         Finished generating code
         opengl.vcxproj -> C:\Users\Luoran\Documents\GitHub\LoboRender\opengl\x64\Release\opengl.exe
     1>Done Building Project "C:\Users\Luoran\Documents\GitHub\LoboRender\opengl\opengl\opengl.vcxproj" (Build target(s)).

Build succeeded.

Time Elapsed 00:00:02.61
